{"C:\\Users\\Matheus Dias\\OneDrive\\Documentos\\Rethink-academy\\Curso JavaScript\\fake_store_api\\main.js": {"path":"C:\\Users\\Matheus Dias\\OneDrive\\Documentos\\Rethink-academy\\Curso JavaScript\\fake_store_api\\main.js","statementMap":{"0":{"start":{"line":1,"column":23},"end":{"line":10,"column":1}},"1":{"start":{"line":2,"column":2},"end":{"line":9,"column":3}},"2":{"start":{"line":3,"column":19},"end":{"line":3,"column":35}},"3":{"start":{"line":4,"column":23},"end":{"line":4,"column":42}},"4":{"start":{"line":6,"column":4},"end":{"line":6,"column":22}},"5":{"start":{"line":8,"column":4},"end":{"line":8,"column":35}},"6":{"start":{"line":12,"column":23},"end":{"line":25,"column":1}},"7":{"start":{"line":16,"column":2},"end":{"line":24,"column":3}},"8":{"start":{"line":17,"column":21},"end":{"line":17,"column":29}},"9":{"start":{"line":18,"column":20},"end":{"line":18,"column":41}},"10":{"start":{"line":19,"column":24},"end":{"line":19,"column":44}},"11":{"start":{"line":21,"column":4},"end":{"line":21,"column":23}},"12":{"start":{"line":23,"column":4},"end":{"line":23,"column":35}},"13":{"start":{"line":27,"column":25},"end":{"line":37,"column":1}},"14":{"start":{"line":28,"column":2},"end":{"line":36,"column":3}},"15":{"start":{"line":29,"column":21},"end":{"line":29,"column":39}},"16":{"start":{"line":30,"column":20},"end":{"line":30,"column":41}},"17":{"start":{"line":31,"column":24},"end":{"line":31,"column":44}},"18":{"start":{"line":33,"column":4},"end":{"line":33,"column":23}},"19":{"start":{"line":35,"column":4},"end":{"line":35,"column":35}},"20":{"start":{"line":39,"column":29},"end":{"line":52,"column":1}},"21":{"start":{"line":43,"column":2},"end":{"line":51,"column":3}},"22":{"start":{"line":44,"column":21},"end":{"line":44,"column":40}},"23":{"start":{"line":45,"column":20},"end":{"line":45,"column":41}},"24":{"start":{"line":46,"column":24},"end":{"line":46,"column":44}},"25":{"start":{"line":48,"column":4},"end":{"line":48,"column":23}},"26":{"start":{"line":50,"column":4},"end":{"line":50,"column":35}},"27":{"start":{"line":54,"column":39},"end":{"line":72,"column":1}},"28":{"start":{"line":58,"column":2},"end":{"line":60,"column":3}},"29":{"start":{"line":59,"column":4},"end":{"line":59,"column":42}},"30":{"start":{"line":61,"column":2},"end":{"line":71,"column":3}},"31":{"start":{"line":62,"column":20},"end":{"line":62,"column":36}},"32":{"start":{"line":63,"column":24},"end":{"line":63,"column":44}},"33":{"start":{"line":64,"column":34},"end":{"line":66,"column":5}},"34":{"start":{"line":65,"column":19},"end":{"line":65,"column":56}},"35":{"start":{"line":68,"column":4},"end":{"line":68,"column":33}},"36":{"start":{"line":70,"column":4},"end":{"line":70,"column":16}},"37":{"start":{"line":74,"column":28},"end":{"line":88,"column":1}},"38":{"start":{"line":77,"column":2},"end":{"line":87,"column":3}},"39":{"start":{"line":78,"column":20},"end":{"line":78,"column":36}},"40":{"start":{"line":79,"column":24},"end":{"line":79,"column":44}},"41":{"start":{"line":80,"column":39},"end":{"line":82,"column":5}},"42":{"start":{"line":81,"column":18},"end":{"line":81,"column":63}},"43":{"start":{"line":84,"column":4},"end":{"line":84,"column":41}},"44":{"start":{"line":86,"column":4},"end":{"line":86,"column":35}},"45":{"start":{"line":90,"column":24},"end":{"line":105,"column":1}},"46":{"start":{"line":91,"column":2},"end":{"line":104,"column":3}},"47":{"start":{"line":92,"column":20},"end":{"line":92,"column":36}},"48":{"start":{"line":93,"column":24},"end":{"line":93,"column":44}},"49":{"start":{"line":94,"column":21},"end":{"line":98,"column":9}},"50":{"start":{"line":95,"column":18},"end":{"line":95,"column":35}},"51":{"start":{"line":96,"column":27},"end":{"line":96,"column":49}},"52":{"start":{"line":97,"column":6},"end":{"line":97,"column":32}},"53":{"start":{"line":99,"column":25},"end":{"line":99,"column":62}},"54":{"start":{"line":101,"column":4},"end":{"line":101,"column":24}},"55":{"start":{"line":103,"column":4},"end":{"line":103,"column":35}},"56":{"start":{"line":107,"column":32},"end":{"line":121,"column":1}},"57":{"start":{"line":110,"column":2},"end":{"line":120,"column":3}},"58":{"start":{"line":111,"column":20},"end":{"line":111,"column":36}},"59":{"start":{"line":112,"column":24},"end":{"line":112,"column":44}},"60":{"start":{"line":113,"column":40},"end":{"line":115,"column":5}},"61":{"start":{"line":114,"column":18},"end":{"line":114,"column":43}},"62":{"start":{"line":117,"column":4},"end":{"line":117,"column":42}},"63":{"start":{"line":119,"column":4},"end":{"line":119,"column":35}},"64":{"start":{"line":122,"column":26},"end":{"line":134,"column":1}},"65":{"start":{"line":123,"column":2},"end":{"line":133,"column":3}},"66":{"start":{"line":124,"column":20},"end":{"line":124,"column":36}},"67":{"start":{"line":125,"column":24},"end":{"line":125,"column":44}},"68":{"start":{"line":126,"column":39},"end":{"line":128,"column":5}},"69":{"start":{"line":127,"column":18},"end":{"line":127,"column":43}},"70":{"start":{"line":130,"column":4},"end":{"line":130,"column":41}},"71":{"start":{"line":132,"column":4},"end":{"line":132,"column":35}}},"fnMap":{"0":{"name":"(anonymous_0)","decl":{"start":{"line":1,"column":23},"end":{"line":1,"column":24}},"loc":{"start":{"line":1,"column":77},"end":{"line":10,"column":1}},"line":1},"1":{"name":"(anonymous_1)","decl":{"start":{"line":12,"column":23},"end":{"line":12,"column":24}},"loc":{"start":{"line":15,"column":5},"end":{"line":25,"column":1}},"line":15},"2":{"name":"(anonymous_2)","decl":{"start":{"line":27,"column":25},"end":{"line":27,"column":26}},"loc":{"start":{"line":27,"column":79},"end":{"line":37,"column":1}},"line":27},"3":{"name":"(anonymous_3)","decl":{"start":{"line":39,"column":29},"end":{"line":39,"column":30}},"loc":{"start":{"line":42,"column":5},"end":{"line":52,"column":1}},"line":42},"4":{"name":"(anonymous_4)","decl":{"start":{"line":54,"column":39},"end":{"line":54,"column":40}},"loc":{"start":{"line":57,"column":5},"end":{"line":72,"column":1}},"line":57},"5":{"name":"(anonymous_5)","decl":{"start":{"line":65,"column":6},"end":{"line":65,"column":7}},"loc":{"start":{"line":65,"column":19},"end":{"line":65,"column":56}},"line":65},"6":{"name":"(anonymous_6)","decl":{"start":{"line":74,"column":28},"end":{"line":74,"column":29}},"loc":{"start":{"line":76,"column":5},"end":{"line":88,"column":1}},"line":76},"7":{"name":"(anonymous_7)","decl":{"start":{"line":81,"column":6},"end":{"line":81,"column":7}},"loc":{"start":{"line":81,"column":18},"end":{"line":81,"column":63}},"line":81},"8":{"name":"(anonymous_8)","decl":{"start":{"line":90,"column":24},"end":{"line":90,"column":25}},"loc":{"start":{"line":90,"column":77},"end":{"line":105,"column":1}},"line":90},"9":{"name":"(anonymous_9)","decl":{"start":{"line":94,"column":46},"end":{"line":94,"column":47}},"loc":{"start":{"line":94,"column":78},"end":{"line":98,"column":5}},"line":94},"10":{"name":"(anonymous_10)","decl":{"start":{"line":107,"column":32},"end":{"line":107,"column":33}},"loc":{"start":{"line":109,"column":5},"end":{"line":121,"column":1}},"line":109},"11":{"name":"(anonymous_11)","decl":{"start":{"line":114,"column":6},"end":{"line":114,"column":7}},"loc":{"start":{"line":114,"column":18},"end":{"line":114,"column":43}},"line":114},"12":{"name":"(anonymous_12)","decl":{"start":{"line":122,"column":26},"end":{"line":122,"column":27}},"loc":{"start":{"line":122,"column":79},"end":{"line":134,"column":1}},"line":122},"13":{"name":"(anonymous_13)","decl":{"start":{"line":127,"column":6},"end":{"line":127,"column":7}},"loc":{"start":{"line":127,"column":18},"end":{"line":127,"column":43}},"line":127}},"branchMap":{"0":{"loc":{"start":{"line":1,"column":30},"end":{"line":1,"column":72}},"type":"default-arg","locations":[{"start":{"line":1,"column":36},"end":{"line":1,"column":72}}],"line":1},"1":{"loc":{"start":{"line":14,"column":2},"end":{"line":14,"column":44}},"type":"default-arg","locations":[{"start":{"line":14,"column":8},"end":{"line":14,"column":44}}],"line":14},"2":{"loc":{"start":{"line":27,"column":32},"end":{"line":27,"column":74}},"type":"default-arg","locations":[{"start":{"line":27,"column":38},"end":{"line":27,"column":74}}],"line":27},"3":{"loc":{"start":{"line":41,"column":2},"end":{"line":41,"column":53}},"type":"default-arg","locations":[{"start":{"line":41,"column":8},"end":{"line":41,"column":53}}],"line":41},"4":{"loc":{"start":{"line":56,"column":2},"end":{"line":56,"column":43}},"type":"default-arg","locations":[{"start":{"line":56,"column":8},"end":{"line":56,"column":43}}],"line":56},"5":{"loc":{"start":{"line":58,"column":2},"end":{"line":60,"column":3}},"type":"if","locations":[{"start":{"line":58,"column":2},"end":{"line":60,"column":3}},{"start":{},"end":{}}],"line":58},"6":{"loc":{"start":{"line":75,"column":2},"end":{"line":75,"column":43}},"type":"default-arg","locations":[{"start":{"line":75,"column":8},"end":{"line":75,"column":43}}],"line":75},"7":{"loc":{"start":{"line":90,"column":31},"end":{"line":90,"column":72}},"type":"default-arg","locations":[{"start":{"line":90,"column":37},"end":{"line":90,"column":72}}],"line":90},"8":{"loc":{"start":{"line":108,"column":2},"end":{"line":108,"column":43}},"type":"default-arg","locations":[{"start":{"line":108,"column":8},"end":{"line":108,"column":43}}],"line":108},"9":{"loc":{"start":{"line":122,"column":33},"end":{"line":122,"column":74}},"type":"default-arg","locations":[{"start":{"line":122,"column":39},"end":{"line":122,"column":74}}],"line":122}},"s":{"0":1,"1":3,"2":3,"3":3,"4":2,"5":1,"6":1,"7":3,"8":3,"9":3,"10":3,"11":2,"12":1,"13":1,"14":3,"15":3,"16":3,"17":3,"18":2,"19":1,"20":1,"21":3,"22":3,"23":3,"24":3,"25":2,"26":1,"27":1,"28":7,"29":5,"30":2,"31":2,"32":2,"33":1,"34":20,"35":1,"36":1,"37":1,"38":2,"39":2,"40":2,"41":1,"42":61,"43":1,"44":1,"45":1,"46":2,"47":2,"48":2,"49":1,"50":20,"51":20,"52":20,"53":1,"54":1,"55":1,"56":1,"57":2,"58":2,"59":2,"60":1,"61":63,"62":1,"63":1,"64":1,"65":2,"66":2,"67":2,"68":1,"69":65,"70":1,"71":1},"f":{"0":3,"1":3,"2":3,"3":3,"4":7,"5":20,"6":2,"7":61,"8":2,"9":20,"10":2,"11":63,"12":2,"13":65},"b":{"0":[2],"1":[3],"2":[2],"3":[2],"4":[6],"5":[5,2],"6":[1],"7":[1],"8":[1],"9":[1]},"_coverageSchema":"1a1c01bbd47fc00a2c39e90264f33305004495a9","hash":"4544c249de7abf55efce2dc6949cb7a0a5e86d49"}
}
