TN:
SF:main.js
FN:1,(anonymous_0)
FN:12,(anonymous_1)
FN:27,(anonymous_2)
FN:39,(anonymous_3)
FN:54,(anonymous_4)
FN:65,(anonymous_5)
FN:74,(anonymous_6)
FN:81,(anonymous_7)
FN:90,(anonymous_8)
FN:94,(anonymous_9)
FN:107,(anonymous_10)
FN:114,(anonymous_11)
FN:122,(anonymous_12)
FN:127,(anonymous_13)
FNF:14
FNH:14
FNDA:3,(anonymous_0)
FNDA:3,(anonymous_1)
FNDA:3,(anonymous_2)
FNDA:3,(anonymous_3)
FNDA:7,(anonymous_4)
FNDA:20,(anonymous_5)
FNDA:2,(anonymous_6)
FNDA:61,(anonymous_7)
FNDA:2,(anonymous_8)
FNDA:20,(anonymous_9)
FNDA:2,(anonymous_10)
FNDA:63,(anonymous_11)
FNDA:2,(anonymous_12)
FNDA:65,(anonymous_13)
DA:1,1
DA:2,3
DA:3,3
DA:4,3
DA:6,2
DA:8,1
DA:12,1
DA:16,3
DA:17,3
DA:18,3
DA:19,3
DA:21,2
DA:23,1
DA:27,1
DA:28,3
DA:29,3
DA:30,3
DA:31,3
DA:33,2
DA:35,1
DA:39,1
DA:43,3
DA:44,3
DA:45,3
DA:46,3
DA:48,2
DA:50,1
DA:54,1
DA:58,7
DA:59,5
DA:61,2
DA:62,2
DA:63,2
DA:64,1
DA:65,20
DA:68,1
DA:70,1
DA:74,1
DA:77,2
DA:78,2
DA:79,2
DA:80,1
DA:81,61
DA:84,1
DA:86,1
DA:90,1
DA:91,2
DA:92,2
DA:93,2
DA:94,1
DA:95,20
DA:96,20
DA:97,20
DA:99,1
DA:101,1
DA:103,1
DA:107,1
DA:110,2
DA:111,2
DA:112,2
DA:113,1
DA:114,63
DA:117,1
DA:119,1
DA:122,1
DA:123,2
DA:124,2
DA:125,2
DA:126,1
DA:127,65
DA:130,1
DA:132,1
LF:72
LH:72
BRDA:1,0,0,2
BRDA:14,1,0,3
BRDA:27,2,0,2
BRDA:41,3,0,2
BRDA:56,4,0,6
BRDA:58,5,0,5
BRDA:58,5,1,2
BRDA:75,6,0,1
BRDA:90,7,0,1
BRDA:108,8,0,1
BRDA:122,9,0,1
BRF:11
BRH:11
end_of_record
